OFFICE_SPACES/app/build/intermediates/manifest_merge_blame_file/debug/processDebugMainManifest/manifest-merger-blame-debug-report.txt
1<?xml version="1.0" encoding="utf-8"?>
2<manifest xmlns:android="http://schemas.android.com/apk/res/android"
3    package="com.myapplication.office_spaces"
4    android:versionCode="1"
5    android:versionName="1.0" >
6
7    <uses-sdk
7-->INJECTED
8        android:minSdkVersion="30"
8-->INJECTED
9        android:targetSdkVersion="36" />
9-->INJECTED
10
11    <uses-permission android:name="android.permission.INTERNET" />
11-->src\main\AndroidManifest.xml:5:5-67
11-->src\main\AndroidManifest.xml:5:22-64
12    <uses-permission android:name="android.permission.ACCESS_NETWORK_STATE" />
12-->src\main\AndroidManifest.xml:6:5-79
12-->src\main\AndroidManifest.xml:6:22-76
13    <uses-permission android:name="android.permission.ACCESS_FINE_LOCATION" />
13-->src\main\AndroidManifest.xml:7:5-79
13-->src\main\AndroidManifest.xml:7:22-76
14    <uses-permission android:name="android.permission.ACCESS_COARSE_LOCATION" />
14-->src\main\AndroidManifest.xml:8:5-81
14-->src\main\AndroidManifest.xml:8:22-78
15    <uses-permission android:name="android.permission.POST_NOTIFICATIONS" />
15-->src\main\AndroidManifest.xml:9:5-77
15-->src\main\AndroidManifest.xml:9:22-74
16    <uses-permission android:name="android.permission.NFC" />
16-->[com.razorpay:standard-core:1.7.18] AndroidManifest.xml:9:5-62
16-->[com.razorpay:standard-core:1.7.18] AndroidManifest.xml:9:22-59
17
18    <uses-feature
18-->[com.razorpay:standard-core:1.7.18] AndroidManifest.xml:11:5-13:36
19        android:name="android.hardware.nfc"
19-->[com.razorpay:standard-core:1.7.18] AndroidManifest.xml:12:9-44
20        android:required="false" />
20-->[com.razorpay:standard-core:1.7.18] AndroidManifest.xml:13:9-33
21
22    <queries>
22-->[com.razorpay:standard-core:1.7.18] AndroidManifest.xml:15:5-44:15
23        <intent>
23-->[com.razorpay:standard-core:1.7.18] AndroidManifest.xml:16:9-22:18
24            <action android:name="android.intent.action.VIEW" />
24-->[com.razorpay:standard-core:1.7.18] AndroidManifest.xml:17:13-65
24-->[com.razorpay:standard-core:1.7.18] AndroidManifest.xml:17:21-62
25
26            <data
26-->[com.razorpay:standard-core:1.7.18] AndroidManifest.xml:19:13-21:38
27                android:mimeType="*/*"
27-->[com.razorpay:standard-core:1.7.18] AndroidManifest.xml:20:17-39
28                android:scheme="*" />
28-->[com.razorpay:standard-core:1.7.18] AndroidManifest.xml:21:17-35
29        </intent>
30        <intent>
30-->[com.razorpay:standard-core:1.7.18] AndroidManifest.xml:23:9-32:18
31            <action android:name="android.intent.action.VIEW" />
31-->[com.razorpay:standard-core:1.7.18] AndroidManifest.xml:17:13-65
31-->[com.razorpay:standard-core:1.7.18] AndroidManifest.xml:17:21-62
32
33            <category android:name="android.intent.category.BROWSABLE" />
33-->[com.razorpay:standard-core:1.7.18] AndroidManifest.xml:26:13-74
33-->[com.razorpay:standard-core:1.7.18] AndroidManifest.xml:26:23-71
34
35            <data
35-->[com.razorpay:standard-core:1.7.18] AndroidManifest.xml:19:13-21:38
36                android:host="pay"
37                android:mimeType="*/*"
37-->[com.razorpay:standard-core:1.7.18] AndroidManifest.xml:20:17-39
38                android:scheme="upi" />
38-->[com.razorpay:standard-core:1.7.18] AndroidManifest.xml:21:17-35
39        </intent>
40        <intent>
40-->[com.razorpay:standard-core:1.7.18] AndroidManifest.xml:33:9-35:18
41            <action android:name="android.intent.action.MAIN" />
41-->src\main\AndroidManifest.xml:84:17-69
41-->src\main\AndroidManifest.xml:84:25-66
42        </intent>
43        <intent>
43-->[com.razorpay:standard-core:1.7.18] AndroidManifest.xml:36:9-40:18
44            <action android:name="android.intent.action.SEND" />
44-->[com.razorpay:standard-core:1.7.18] AndroidManifest.xml:37:13-65
44-->[com.razorpay:standard-core:1.7.18] AndroidManifest.xml:37:21-62
45
46            <data android:mimeType="*/*" />
46-->[com.razorpay:standard-core:1.7.18] AndroidManifest.xml:19:13-21:38
46-->[com.razorpay:standard-core:1.7.18] AndroidManifest.xml:20:17-39
47        </intent>
48        <intent>
48-->[com.razorpay:standard-core:1.7.18] AndroidManifest.xml:41:9-43:18
49            <action android:name="rzp.device_token.share" />
49-->[com.razorpay:standard-core:1.7.18] AndroidManifest.xml:42:13-61
49-->[com.razorpay:standard-core:1.7.18] AndroidManifest.xml:42:21-58
50        </intent>
51        <!-- Needs to be explicitly declared on Android R+ -->
52        <package android:name="com.google.android.apps.maps" />
52-->[com.google.android.gms:play-services-maps:19.1.0] AndroidManifest.xml:29:7-61
52-->[com.google.android.gms:play-services-maps:19.1.0] AndroidManifest.xml:29:16-59
53
54        <intent>
54-->[com.razorpay:core:1.0.18] AndroidManifest.xml:17:9-21:18
55            <action android:name="android.intent.action.VIEW" />
55-->[com.razorpay:standard-core:1.7.18] AndroidManifest.xml:17:13-65
55-->[com.razorpay:standard-core:1.7.18] AndroidManifest.xml:17:21-62
56
57            <data android:scheme="upi" />
57-->[com.razorpay:standard-core:1.7.18] AndroidManifest.xml:19:13-21:38
57-->[com.razorpay:standard-core:1.7.18] AndroidManifest.xml:21:17-35
58        </intent>
59    </queries>
60
61    <uses-feature
61-->[com.google.android.gms:play-services-maps:19.1.0] AndroidManifest.xml:22:5-24:33
62        android:glEsVersion="0x00020000"
62-->[com.google.android.gms:play-services-maps:19.1.0] AndroidManifest.xml:23:8-40
63        android:required="true" />
63-->[com.google.android.gms:play-services-maps:19.1.0] AndroidManifest.xml:24:8-31
64
65    <uses-permission android:name="android.permission.WAKE_LOCK" /> <!-- Required by older versions of Google Play services to create IID tokens -->
65-->[com.google.firebase:firebase-messaging:24.1.0] AndroidManifest.xml:24:5-68
65-->[com.google.firebase:firebase-messaging:24.1.0] AndroidManifest.xml:24:22-65
66    <uses-permission android:name="com.google.android.c2dm.permission.RECEIVE" />
66-->[com.google.firebase:firebase-messaging:24.1.0] AndroidManifest.xml:26:5-82
66-->[com.google.firebase:firebase-messaging:24.1.0] AndroidManifest.xml:26:22-79
67    <uses-permission android:name="com.google.android.finsky.permission.BIND_GET_INSTALL_REFERRER_SERVICE" />
67-->[com.google.android.gms:play-services-measurement:22.2.0] AndroidManifest.xml:26:5-110
67-->[com.google.android.gms:play-services-measurement:22.2.0] AndroidManifest.xml:26:22-107
68    <uses-permission android:name="com.google.android.gms.permission.AD_ID" />
68-->[com.google.android.gms:play-services-measurement-impl:22.2.0] AndroidManifest.xml:27:5-79
68-->[com.google.android.gms:play-services-measurement-impl:22.2.0] AndroidManifest.xml:27:22-76
69    <uses-permission android:name="android.permission.ACCESS_ADSERVICES_ATTRIBUTION" />
69-->[com.google.android.gms:play-services-measurement-api:22.2.0] AndroidManifest.xml:26:5-88
69-->[com.google.android.gms:play-services-measurement-api:22.2.0] AndroidManifest.xml:26:22-85
70    <uses-permission android:name="android.permission.ACCESS_ADSERVICES_AD_ID" />
70-->[com.google.android.gms:play-services-measurement-api:22.2.0] AndroidManifest.xml:27:5-82
70-->[com.google.android.gms:play-services-measurement-api:22.2.0] AndroidManifest.xml:27:22-79
71
72    <permission
72-->[androidx.core:core:1.18.0] AndroidManifest.xml:22:5-24:47
73        android:name="com.myapplication.office_spaces.DYNAMIC_RECEIVER_NOT_EXPORTED_PERMISSION"
73-->[androidx.core:core:1.18.0] AndroidManifest.xml:23:9-81
74        android:protectionLevel="signature" />
74-->[androidx.core:core:1.18.0] AndroidManifest.xml:24:9-44
75
76    <uses-permission android:name="com.myapplication.office_spaces.DYNAMIC_RECEIVER_NOT_EXPORTED_PERMISSION" /> <!-- Normal permission, automatically granted on API 23+ -->
76-->[androidx.core:core:1.18.0] AndroidManifest.xml:26:5-97
76-->[androidx.core:core:1.18.0] AndroidManifest.xml:26:22-94
77    <uses-permission android:name="android.permission.READ_BASIC_PHONE_STATE" />
77-->[com.razorpay:core:1.0.18] AndroidManifest.xml:10:5-81
77-->[com.razorpay:core:1.0.18] AndroidManifest.xml:10:22-78
78
79    <application
79-->src\main\AndroidManifest.xml:11:5-89:19
80        android:allowBackup="true"
80-->src\main\AndroidManifest.xml:12:9-35
81        android:appComponentFactory="androidx.core.app.CoreComponentFactory"
81-->[androidx.core:core:1.18.0] AndroidManifest.xml:28:18-86
82        android:dataExtractionRules="@xml/data_extraction_rules"
82-->src\main\AndroidManifest.xml:13:9-65
83        android:debuggable="true"
84        android:extractNativeLibs="false"
84-->INJECTED
85        android:fullBackupContent="@xml/backup_rules"
85-->src\main\AndroidManifest.xml:14:9-54
86        android:icon="@mipmap/ic_launcher"
86-->src\main\AndroidManifest.xml:15:9-43
87        android:label="@string/app_name"
87-->src\main\AndroidManifest.xml:16:9-41
88        android:roundIcon="@mipmap/ic_launcher_round"
88-->src\main\AndroidManifest.xml:17:9-54
89        android:supportsRtl="true"
89-->src\main\AndroidManifest.xml:18:9-35
90        android:testOnly="true"
91        android:theme="@style/Theme.OFFICE_SPACES"
91-->src\main\AndroidManifest.xml:20:9-51
92        android:usesCleartextTraffic="true" >
92-->src\main\AndroidManifest.xml:19:9-44
93        <meta-data
93-->src\main\AndroidManifest.xml:22:9-24:55
94            android:name="com.google.android.geo.API_KEY"
94-->src\main\AndroidManifest.xml:23:13-58
95            android:value="@string/google_maps_key" />
95-->src\main\AndroidManifest.xml:24:13-52
96
97        <service
97-->src\main\AndroidManifest.xml:26:9-32:19
98            android:name="com.myapplication.office_spaces.network.MyFirebaseMessagingService"
98-->src\main\AndroidManifest.xml:27:13-63
99            android:exported="false" >
99-->src\main\AndroidManifest.xml:28:13-37
100            <intent-filter>
100-->src\main\AndroidManifest.xml:29:13-31:29
101                <action android:name="com.google.firebase.MESSAGING_EVENT" />
101-->src\main\AndroidManifest.xml:30:17-78
101-->src\main\AndroidManifest.xml:30:25-75
102            </intent-filter>
103        </service>
104
105        <activity
105-->src\main\AndroidManifest.xml:34:9-36:40
106            android:name="com.myapplication.office_spaces.activities.LocationPickerActivity"
106-->src\main\AndroidManifest.xml:35:13-62
107            android:exported="false" />
107-->src\main\AndroidManifest.xml:36:13-37
108        <activity
108-->src\main\AndroidManifest.xml:37:9-93
109            android:name="com.myapplication.office_spaces.activities.EditProfileActivity"
109-->src\main\AndroidManifest.xml:37:19-65
110            android:exported="false" />
110-->src\main\AndroidManifest.xml:37:66-90
111        <activity android:name="com.myapplication.office_spaces.activities.MyRequestsActivity" />
111-->src\main\AndroidManifest.xml:38:9-66
111-->src\main\AndroidManifest.xml:38:19-64
112        <activity
112-->src\main\AndroidManifest.xml:39:9-91
113            android:name="com.myapplication.office_spaces.activities.FavoritesActivity"
113-->src\main\AndroidManifest.xml:39:19-63
114            android:exported="false" />
114-->src\main\AndroidManifest.xml:39:64-88
115        <activity android:name="com.myapplication.office_spaces.activities.NotificationsActivity" />
115-->src\main\AndroidManifest.xml:40:9-69
115-->src\main\AndroidManifest.xml:40:19-67
116        <activity
116-->src\main\AndroidManifest.xml:41:9-43:40
117            android:name="com.myapplication.office_spaces.activities.BlockUsersActivity"
117-->src\main\AndroidManifest.xml:42:13-58
118            android:exported="false" />
118-->src\main\AndroidManifest.xml:43:13-37
119        <activity
119-->src\main\AndroidManifest.xml:44:9-46:40
120            android:name="com.myapplication.office_spaces.activities.AdminMainActivity"
120-->src\main\AndroidManifest.xml:45:13-57
121            android:exported="false" />
121-->src\main\AndroidManifest.xml:46:13-37
122        <activity
122-->src\main\AndroidManifest.xml:47:9-49:40
123            android:name="com.myapplication.office_spaces.activities.AddListingActivity"
123-->src\main\AndroidManifest.xml:48:13-58
124            android:exported="false" />
124-->src\main\AndroidManifest.xml:49:13-37
125        <activity
125-->src\main\AndroidManifest.xml:50:9-52:40
126            android:name="com.myapplication.office_spaces.activities.OwnerMainActivity"
126-->src\main\AndroidManifest.xml:51:13-57
127            android:exported="false" />
127-->src\main\AndroidManifest.xml:52:13-37
128        <activity
128-->src\main\AndroidManifest.xml:53:9-55:40
129            android:name="com.myapplication.office_spaces.activities.BookPropertyActivity"
129-->src\main\AndroidManifest.xml:54:13-60
130            android:exported="false" />
130-->src\main\AndroidManifest.xml:55:13-37
131        <activity
131-->src\main\AndroidManifest.xml:56:9-58:40
132            android:name="com.myapplication.office_spaces.activities.SendInquiryActivity"
132-->src\main\AndroidManifest.xml:57:13-59
133            android:exported="false" />
133-->src\main\AndroidManifest.xml:58:13-37
134        <activity
134-->src\main\AndroidManifest.xml:59:9-61:40
135            android:name="com.myapplication.office_spaces.activities.PropertyDetailsActivity"
135-->src\main\AndroidManifest.xml:60:13-63
136            android:exported="false" />
136-->src\main\AndroidManifest.xml:61:13-37
137        <activity
137-->src\main\AndroidManifest.xml:62:9-64:40
138            android:name="com.myapplication.office_spaces.activities.SearchResultActivity"
138-->src\main\AndroidManifest.xml:63:13-60
139            android:exported="false" />
139-->src\main\AndroidManifest.xml:64:13-37
140        <activity
140-->src\main\AndroidManifest.xml:65:9-67:40
141            android:name="com.myapplication.office_spaces.activities.ForgotPassword"
141-->src\main\AndroidManifest.xml:66:13-54
142            android:exported="false" />
142-->src\main\AndroidManifest.xml:67:13-37
143        <activity
143-->src\main\AndroidManifest.xml:68:9-70:40
144            android:name="com.myapplication.office_spaces.activities.RenterMainActivity"
144-->src\main\AndroidManifest.xml:69:13-58
145            android:exported="false" />
145-->src\main\AndroidManifest.xml:70:13-37
146        <activity
146-->src\main\AndroidManifest.xml:71:9-73:40
147            android:name="com.myapplication.office_spaces.activities.RoleSelectionActivity"
147-->src\main\AndroidManifest.xml:72:13-61
148            android:exported="false" />
148-->src\main\AndroidManifest.xml:73:13-37
149        <activity
149-->src\main\AndroidManifest.xml:74:9-76:40
150            android:name="com.myapplication.office_spaces.activities.RegisterActivity"
150-->src\main\AndroidManifest.xml:75:13-56
151            android:exported="false" />
151-->src\main\AndroidManifest.xml:76:13-37
152        <activity
152-->src\main\AndroidManifest.xml:77:9-79:40
153            android:name="com.myapplication.office_spaces.activities.LoginActivity"
153-->src\main\AndroidManifest.xml:78:13-53
154            android:exported="false" />
154-->src\main\AndroidManifest.xml:79:13-37
155        <activity
155-->src\main\AndroidManifest.xml:80:9-88:20
156            android:name="com.myapplication.office_spaces.activities.SplashActivity"
156-->src\main\AndroidManifest.xml:81:13-54
157            android:exported="true" >
157-->src\main\AndroidManifest.xml:82:13-36
158            <intent-filter>
158-->src\main\AndroidManifest.xml:83:13-87:29
159                <action android:name="android.intent.action.MAIN" />
159-->src\main\AndroidManifest.xml:84:17-69
159-->src\main\AndroidManifest.xml:84:25-66
160
161                <category android:name="android.intent.category.LAUNCHER" />
161-->src\main\AndroidManifest.xml:86:17-77
161-->src\main\AndroidManifest.xml:86:27-74
162            </intent-filter>
163        </activity>
164        <activity
164-->[com.razorpay:standard-core:1.7.18] AndroidManifest.xml:47:9-55:20
165            android:name="com.razorpay.CheckoutActivity"
165-->[com.razorpay:standard-core:1.7.18] AndroidManifest.xml:48:13-57
166            android:configChanges="keyboard|keyboardHidden|orientation|screenSize"
166-->[com.razorpay:standard-core:1.7.18] AndroidManifest.xml:49:13-83
167            android:exported="false"
167-->[com.razorpay:standard-core:1.7.18] AndroidManifest.xml:50:13-37
168            android:theme="@style/CheckoutTheme" >
168-->[com.razorpay:standard-core:1.7.18] AndroidManifest.xml:51:13-49
169            <intent-filter>
169-->[com.razorpay:standard-core:1.7.18] AndroidManifest.xml:52:13-54:29
170                <action android:name="android.intent.action.MAIN" />
170-->src\main\AndroidManifest.xml:84:17-69
170-->src\main\AndroidManifest.xml:84:25-66
171            </intent-filter>
172        </activity>
173
174        <provider
174-->[com.razorpay:standard-core:1.7.18] AndroidManifest.xml:57:9-68:20
175            android:name="androidx.startup.InitializationProvider"
175-->[com.razorpay:standard-core:1.7.18] AndroidManifest.xml:58:13-67
176            android:authorities="com.myapplication.office_spaces.androidx-startup"
176-->[com.razorpay:standard-core:1.7.18] AndroidManifest.xml:59:13-68
177            android:exported="false" >
177-->[com.razorpay:standard-core:1.7.18] AndroidManifest.xml:60:13-37
178            <meta-data
178-->[com.razorpay:standard-core:1.7.18] AndroidManifest.xml:62:13-64:52
179                android:name="com.razorpay.RazorpayInitializer"
179-->[com.razorpay:standard-core:1.7.18] AndroidManifest.xml:63:17-64
180                android:value="androidx.startup" />
180-->[com.razorpay:standard-core:1.7.18] AndroidManifest.xml:64:17-49
181            <meta-data
181-->[com.razorpay:standard-core:1.7.18] AndroidManifest.xml:65:13-67:52
182                android:name="com.razorpay.CoreInitializer"
182-->[com.razorpay:standard-core:1.7.18] AndroidManifest.xml:66:17-60
183                android:value="androidx.startup" />
183-->[com.razorpay:standard-core:1.7.18] AndroidManifest.xml:67:17-49
184            <meta-data
184-->[androidx.emoji2:emoji2:1.3.0] AndroidManifest.xml:29:13-31:52
185                android:name="androidx.emoji2.text.EmojiCompatInitializer"
185-->[androidx.emoji2:emoji2:1.3.0] AndroidManifest.xml:30:17-75
186                android:value="androidx.startup" />
186-->[androidx.emoji2:emoji2:1.3.0] AndroidManifest.xml:31:17-49
187            <meta-data
187-->[androidx.lifecycle:lifecycle-process:2.6.2] AndroidManifest.xml:29:13-31:52
188                android:name="androidx.lifecycle.ProcessLifecycleInitializer"
188-->[androidx.lifecycle:lifecycle-process:2.6.2] AndroidManifest.xml:30:17-78
189                android:value="androidx.startup" />
189-->[androidx.lifecycle:lifecycle-process:2.6.2] AndroidManifest.xml:31:17-49
190            <meta-data
190-->[androidx.profileinstaller:profileinstaller:1.4.0] AndroidManifest.xml:29:13-31:52
191                android:name="androidx.profileinstaller.ProfileInstallerInitializer"
191-->[androidx.profileinstaller:profileinstaller:1.4.0] AndroidManifest.xml:30:17-85
192                android:value="androidx.startup" />
192-->[androidx.profileinstaller:profileinstaller:1.4.0] AndroidManifest.xml:31:17-49
193        </provider>
194
195        <activity
195-->[com.razorpay:standard-core:1.7.18] AndroidManifest.xml:70:9-73:75
196            android:name="com.razorpay.MagicXActivity"
196-->[com.razorpay:standard-core:1.7.18] AndroidManifest.xml:71:13-55
197            android:exported="false"
197-->[com.razorpay:standard-core:1.7.18] AndroidManifest.xml:72:13-37
198            android:theme="@android:style/Theme.Translucent.NoTitleBar" /> <!-- Needs to be explicitly declared on P+ -->
198-->[com.razorpay:standard-core:1.7.18] AndroidManifest.xml:73:13-72
199        <uses-library
199-->[com.google.android.gms:play-services-maps:19.1.0] AndroidManifest.xml:33:7-86
200            android:name="org.apache.http.legacy"
200-->[com.google.android.gms:play-services-maps:19.1.0] AndroidManifest.xml:33:21-58
201            android:required="false" />
201-->[com.google.android.gms:play-services-maps:19.1.0] AndroidManifest.xml:33:59-83
202
203        <activity
203-->[com.google.android.gms:play-services-auth:21.1.0] AndroidManifest.xml:23:9-27:75
204            android:name="com.google.android.gms.auth.api.signin.internal.SignInHubActivity"
204-->[com.google.android.gms:play-services-auth:21.1.0] AndroidManifest.xml:24:13-93
205            android:excludeFromRecents="true"
205-->[com.google.android.gms:play-services-auth:21.1.0] AndroidManifest.xml:25:13-46
206            android:exported="false"
206-->[com.google.android.gms:play-services-auth:21.1.0] AndroidManifest.xml:26:13-37
207            android:theme="@android:style/Theme.Translucent.NoTitleBar" />
207-->[com.google.android.gms:play-services-auth:21.1.0] AndroidManifest.xml:27:13-72
208        <!--
209            Service handling Google Sign-In user revocation. For apps that do not integrate with
210            Google Sign-In, this service will never be started.
211        -->
212        <service
212-->[com.google.android.gms:play-services-auth:21.1.0] AndroidManifest.xml:33:9-37:51
213            android:name="com.google.android.gms.auth.api.signin.RevocationBoundService"
213-->[com.google.android.gms:play-services-auth:21.1.0] AndroidManifest.xml:34:13-89
214            android:exported="true"
214-->[com.google.android.gms:play-services-auth:21.1.0] AndroidManifest.xml:35:13-36
215            android:permission="com.google.android.gms.auth.api.signin.permission.REVOCATION_NOTIFICATION"
215-->[com.google.android.gms:play-services-auth:21.1.0] AndroidManifest.xml:36:13-107
216            android:visibleToInstantApps="true" />
216-->[com.google.android.gms:play-services-auth:21.1.0] AndroidManifest.xml:37:13-48
217
218        <receiver
218-->[com.google.firebase:firebase-messaging:24.1.0] AndroidManifest.xml:29:9-40:20
219            android:name="com.google.firebase.iid.FirebaseInstanceIdReceiver"
219-->[com.google.firebase:firebase-messaging:24.1.0] AndroidManifest.xml:30:13-78
220            android:exported="true"
220-->[com.google.firebase:firebase-messaging:24.1.0] AndroidManifest.xml:31:13-36
221            android:permission="com.google.android.c2dm.permission.SEND" >
221-->[com.google.firebase:firebase-messaging:24.1.0] AndroidManifest.xml:32:13-73
222            <intent-filter>
222-->[com.google.firebase:firebase-messaging:24.1.0] AndroidManifest.xml:33:13-35:29
223                <action android:name="com.google.android.c2dm.intent.RECEIVE" />
223-->[com.google.firebase:firebase-messaging:24.1.0] AndroidManifest.xml:34:17-81
223-->[com.google.firebase:firebase-messaging:24.1.0] AndroidManifest.xml:34:25-78
224            </intent-filter>
225
226            <meta-data
226-->[com.google.firebase:firebase-messaging:24.1.0] AndroidManifest.xml:37:13-39:40
227                android:name="com.google.android.gms.cloudmessaging.FINISHED_AFTER_HANDLED"
227-->[com.google.firebase:firebase-messaging:24.1.0] AndroidManifest.xml:38:17-92
228                android:value="true" />
228-->[com.google.firebase:firebase-messaging:24.1.0] AndroidManifest.xml:39:17-37
229        </receiver>
230        <!--
231             FirebaseMessagingService performs security checks at runtime,
232             but set to not exported to explicitly avoid allowing another app to call it.
233        -->
234        <service
234-->[com.google.firebase:firebase-messaging:24.1.0] AndroidManifest.xml:46:9-53:19
235            android:name="com.google.firebase.messaging.FirebaseMessagingService"
235-->[com.google.firebase:firebase-messaging:24.1.0] AndroidManifest.xml:47:13-82
236            android:directBootAware="true"
236-->[com.google.firebase:firebase-messaging:24.1.0] AndroidManifest.xml:48:13-43
237            android:exported="false" >
237-->[com.google.firebase:firebase-messaging:24.1.0] AndroidManifest.xml:49:13-37
238            <intent-filter android:priority="-500" >
238-->src\main\AndroidManifest.xml:29:13-31:29
239                <action android:name="com.google.firebase.MESSAGING_EVENT" />
239-->src\main\AndroidManifest.xml:30:17-78
239-->src\main\AndroidManifest.xml:30:25-75
240            </intent-filter>
241        </service>
242        <service
242-->[com.google.firebase:firebase-messaging:24.1.0] AndroidManifest.xml:54:9-63:19
243            android:name="com.google.firebase.components.ComponentDiscoveryService"
243-->[com.google.firebase:firebase-messaging:24.1.0] AndroidManifest.xml:55:13-84
244            android:directBootAware="true"
244-->[com.google.firebase:firebase-common:21.0.0] AndroidManifest.xml:32:13-43
245            android:exported="false" >
245-->[com.google.firebase:firebase-messaging:24.1.0] AndroidManifest.xml:56:13-37
246            <meta-data
246-->[com.google.firebase:firebase-messaging:24.1.0] AndroidManifest.xml:57:13-59:85
247                android:name="com.google.firebase.components:com.google.firebase.messaging.FirebaseMessagingKtxRegistrar"
247-->[com.google.firebase:firebase-messaging:24.1.0] AndroidManifest.xml:58:17-122
248                android:value="com.google.firebase.components.ComponentRegistrar" />
248-->[com.google.firebase:firebase-messaging:24.1.0] AndroidManifest.xml:59:17-82
249            <meta-data
249-->[com.google.firebase:firebase-messaging:24.1.0] AndroidManifest.xml:60:13-62:85
250                android:name="com.google.firebase.components:com.google.firebase.messaging.FirebaseMessagingRegistrar"
250-->[com.google.firebase:firebase-messaging:24.1.0] AndroidManifest.xml:61:17-119
251                android:value="com.google.firebase.components.ComponentRegistrar" />
251-->[com.google.firebase:firebase-messaging:24.1.0] AndroidManifest.xml:62:17-82
252            <meta-data
252-->[com.google.android.gms:play-services-measurement-api:22.2.0] AndroidManifest.xml:33:13-35:85
253                android:name="com.google.firebase.components:com.google.firebase.analytics.connector.internal.AnalyticsConnectorRegistrar"
253-->[com.google.android.gms:play-services-measurement-api:22.2.0] AndroidManifest.xml:34:17-139
254                android:value="com.google.firebase.components.ComponentRegistrar" />
254-->[com.google.android.gms:play-services-measurement-api:22.2.0] AndroidManifest.xml:35:17-82
255            <meta-data
255-->[com.google.firebase:firebase-installations:18.0.0] AndroidManifest.xml:15:13-17:85
256                android:name="com.google.firebase.components:com.google.firebase.installations.FirebaseInstallationsKtxRegistrar"
256-->[com.google.firebase:firebase-installations:18.0.0] AndroidManifest.xml:16:17-130
257                android:value="com.google.firebase.components.ComponentRegistrar" />
257-->[com.google.firebase:firebase-installations:18.0.0] AndroidManifest.xml:17:17-82
258            <meta-data
258-->[com.google.firebase:firebase-installations:18.0.0] AndroidManifest.xml:18:13-20:85
259                android:name="com.google.firebase.components:com.google.firebase.installations.FirebaseInstallationsRegistrar"
259-->[com.google.firebase:firebase-installations:18.0.0] AndroidManifest.xml:19:17-127
260                android:value="com.google.firebase.components.ComponentRegistrar" />
260-->[com.google.firebase:firebase-installations:18.0.0] AndroidManifest.xml:20:17-82
261            <meta-data
261-->[com.google.firebase:firebase-common-ktx:21.0.0] AndroidManifest.xml:12:13-14:85
262                android:name="com.google.firebase.components:com.google.firebase.ktx.FirebaseCommonLegacyRegistrar"
262-->[com.google.firebase:firebase-common-ktx:21.0.0] AndroidManifest.xml:13:17-116
263                android:value="com.google.firebase.components.ComponentRegistrar" />
263-->[com.google.firebase:firebase-common-ktx:21.0.0] AndroidManifest.xml:14:17-82
264            <meta-data
264-->[com.google.firebase:firebase-common:21.0.0] AndroidManifest.xml:35:13-37:85
265                android:name="com.google.firebase.components:com.google.firebase.FirebaseCommonKtxRegistrar"
265-->[com.google.firebase:firebase-common:21.0.0] AndroidManifest.xml:36:17-109
266                android:value="com.google.firebase.components.ComponentRegistrar" />
266-->[com.google.firebase:firebase-common:21.0.0] AndroidManifest.xml:37:17-82
267            <meta-data
267-->[com.google.firebase:firebase-datatransport:18.2.0] AndroidManifest.xml:25:13-27:85
268                android:name="com.google.firebase.components:com.google.firebase.datatransport.TransportRegistrar"
268-->[com.google.firebase:firebase-datatransport:18.2.0] AndroidManifest.xml:26:17-115
269                android:value="com.google.firebase.components.ComponentRegistrar" />
269-->[com.google.firebase:firebase-datatransport:18.2.0] AndroidManifest.xml:27:17-82
270        </service>
271
272        <receiver
272-->[com.google.android.gms:play-services-measurement:22.2.0] AndroidManifest.xml:29:9-33:20
273            android:name="com.google.android.gms.measurement.AppMeasurementReceiver"
273-->[com.google.android.gms:play-services-measurement:22.2.0] AndroidManifest.xml:30:13-85
274            android:enabled="true"
274-->[com.google.android.gms:play-services-measurement:22.2.0] AndroidManifest.xml:31:13-35
275            android:exported="false" >
275-->[com.google.android.gms:play-services-measurement:22.2.0] AndroidManifest.xml:32:13-37
276        </receiver>
277
278        <service
278-->[com.google.android.gms:play-services-measurement:22.2.0] AndroidManifest.xml:35:9-38:40
279            android:name="com.google.android.gms.measurement.AppMeasurementService"
279-->[com.google.android.gms:play-services-measurement:22.2.0] AndroidManifest.xml:36:13-84
280            android:enabled="true"
280-->[com.google.android.gms:play-services-measurement:22.2.0] AndroidManifest.xml:37:13-35
281            android:exported="false" />